asdasdadasssssssssssssssssssasdasdadasssssssssssssssssssasdasdadasssssssssssssssssss
asdasdadasssssssssssssssssss
asdasdadasssssssssssssssssss
2019-01-31 15:29:20：asdasdadasssssssssssssssssss
2019-01-31 15:41:16：asdasdadasssssssssssssssssss
2019-01-31 15:41:29：外框选择
2019-01-31 15:41:30：内管选择
2019-01-31 15:42:18：文件地址：C:\Users\it\Desktop\rsa.tcl
2019-01-31 15:42:28：asdasdadasssssssssssssssssss
2019-01-31 15:42:50：外框选择
2019-01-31 15:42:51：内杆规格
2019-01-31 15:42:52：内管选择
2019-01-31 15:42:52：类型选择
2019-01-31 15:42:53：数字
2019-01-31 15:42:53：数字
2019-01-31 15:42:54：内管11.344537815126051
2019-01-31 15:42:54：内杆12.352941176470589
2019-01-31 15:43:03：数字
2019-01-31 15:43:03：数字
2019-01-31 15:43:03：内管4.621848739495798
2019-01-31 15:43:03：内杆0.35294117647058826
2019-01-31 15:43:03：E:\Pythonwork\GUIProject\images\2019-01-31_0.6x0.7_1548920583223.png
2019-01-31 15:43:12：数字
2019-01-31 15:43:12：数字
2019-01-31 15:43:13：内管4.621848739495798
2019-01-31 15:43:13：内杆-0.11764705882352941
2019-01-31 15:55:44：asdasdadasssssssssssssssssss
2019-01-31 15:55:56：asdasdadasssssssssssssssssss
2019-01-31 17:04:46：文件地址：C:\Users\it\Desktop\rsa.tcl
