2019-02-02 13:29:52：外框选择
2019-02-02 13:29:53：内杆规格
2019-02-02 13:29:54：内管选择
2019-02-02 13:29:55：类型选择
2019-02-02 13:29:55：数字
2019-02-02 13:29:55：数字
2019-02-02 13:29:55：内管12.184873949579831
2019-02-02 13:29:55：内杆4.6117647058823525
2019-02-02 13:29:56：E:\Pythonwork\GUIProject\images\2019-02-02_2.41x1.6_1549085396042.jpg
2019-02-02 13:54:32：外框选择
2019-02-02 13:54:33：内杆规格
2019-02-02 13:54:34：类型选择
2019-02-02 13:54:35：内管选择
2019-02-02 13:54:35：数字
2019-02-02 13:54:35：数字
2019-02-02 13:54:37：内管18.991596638655462
2019-02-02 13:54:37：内杆17.070217917675546
2019-02-02 13:56:25：外框选择
2019-02-02 13:56:26：内杆规格
2019-02-02 13:56:27：类型选择
2019-02-02 13:56:28：内管选择
2019-02-02 13:56:28：数字
2019-02-02 13:56:29：数字
2019-02-02 13:56:29：内管28.319327731092436
2019-02-02 13:56:29：内杆16.58823529411765
