2019-02-01 11:23:01：文件地址：C:\Users\it\Desktop\rsa.tcl
2019-02-01 11:23:10：文件地址：C:\Users\it\Desktop\rsa.tcl
2019-02-01 11:24:00：文件地址：C:\Users\it\Desktop\rsa.tcl
2019-02-01 11:24:38：外框选择
2019-02-01 11:24:40：类型选择
2019-02-01 11:24:41：内杆规格
2019-02-01 11:24:42：内管选择
2019-02-01 11:24:42：数字
2019-02-01 11:24:42：数字
2019-02-01 11:24:42：内管11.512605042016807
2019-02-01 11:24:42：内杆2.0
2019-02-01 11:24:43：E:\Pythonwork\GUIProject\images\2019-02-01_1.3x1.52_1548991483102.png
2019-02-01 11:25:22：外框选择
2019-02-01 11:25:23：内杆规格
2019-02-01 11:25:24：类型选择
2019-02-01 11:25:25：内管选择
2019-02-01 11:25:25：数字
2019-02-01 11:25:25：数字
2019-02-01 11:25:25：内管7.983193277310924
2019-02-01 11:25:25：内杆1.7647058823529411
2019-02-01 11:25:25：E:\Pythonwork\GUIProject\images\2019-02-01_1.2x1.1_1548991525606.png
2019-02-01 11:25:42：数字
2019-02-01 11:25:42：数字
2019-02-01 11:25:42：内管7.983193277310924
2019-02-01 11:25:42：内杆1.7647058823529411
2019-02-01 11:25:42：E:\Pythonwork\GUIProject\images\2019-02-01_1.2x1.1_1548991542551.png
2019-02-01 11:26:39：外框选择
2019-02-01 11:26:40：内杆规格
2019-02-01 11:26:41：类型选择
2019-02-01 11:26:42：内管选择
2019-02-01 11:26:42：数字
2019-02-01 11:26:42：数字
2019-02-01 11:26:42：内管7.34453781512605
2019-02-01 11:26:42：内杆1.8588235294117648
2019-02-01 11:26:42：E:\Pythonwork\GUIProject\images\2019-02-01_1.24x1.024_1548991602735.png
2019-02-01 11:27:11：数字
2019-02-01 11:27:11：数字
2019-02-01 11:27:11：内管7.34453781512605
2019-02-01 11:27:11：内杆1.8588235294117648
2019-02-01 11:27:11：E:\Pythonwork\GUIProject\images\2019-02-01_1.24x1.024_1548991631304.png
2019-02-01 11:29:31：外框选择
2019-02-01 11:29:32：内杆规格
2019-02-01 11:29:33：类型选择
2019-02-01 11:29:34：内管选择
2019-02-01 11:29:34：数字
2019-02-01 11:29:34：数字
2019-02-01 11:29:34：内管8.823529411764707
2019-02-01 11:29:34：内杆1.5294117647058822
2019-02-01 11:29:35：E:\Pythonwork\GUIProject\images\2019-02-01_1.1x1.2_1548991775034.jpg
2019-02-01 11:31:09：外框选择
2019-02-01 11:31:10：内杆规格
2019-02-01 11:31:10：类型选择
2019-02-01 11:31:11：内管选择
2019-02-01 11:31:11：数字
2019-02-01 11:31:11：数字
2019-02-01 11:31:11：内管7.310924369747899
2019-02-01 11:31:11：内杆1.7647058823529411
2019-02-01 11:31:12：E:\Pythonwork\GUIProject\images\2019-02-01_1.2x1.02_1548991872126.jpg
2019-02-01 11:31:42：内杆规格
2019-02-01 11:31:42：外框选择
2019-02-01 11:31:43：类型选择
2019-02-01 11:31:44：内管选择
2019-02-01 11:31:44：数字
2019-02-01 11:31:44：数字
2019-02-01 11:31:44：内管7.983193277310924
2019-02-01 11:31:44：内杆1.2941176470588236
2019-02-01 11:31:45：E:\Pythonwork\GUIProject\images\2019-02-01_1.0x1.1_1548991905127.jpg
2019-02-01 11:33:07：外框选择
2019-02-01 11:33:07：内杆规格
2019-02-01 11:33:08：类型选择
2019-02-01 11:33:09：内管选择
2019-02-01 11:33:10：数字
2019-02-01 11:33:10：数字
2019-02-01 11:33:10：内管19.747899159663866
2019-02-01 11:33:10：内杆2.235294117647059
2019-02-01 11:33:10：E:\Pythonwork\GUIProject\images\2019-02-01_1.4x2.5_1548991990220.jpg
2019-02-01 11:34:24：外框选择
2019-02-01 11:34:25：内杆规格
2019-02-01 11:34:25：类型选择
2019-02-01 11:34:26：内管选择
2019-02-01 11:34:27：数字
2019-02-01 11:34:27：数字
2019-02-01 11:34:27：内管9.663865546218487
2019-02-01 11:34:27：内杆1.7647058823529411
2019-02-01 11:34:27：E:\Pythonwork\GUIProject\images\2019-02-01_1.2x1.3_1548992067407.jpg
2019-02-01 11:37:12：外框选择
2019-02-01 11:37:13：内杆规格
2019-02-01 11:37:13：类型选择
2019-02-01 11:37:14：内管选择
2019-02-01 11:37:15：数字
2019-02-01 11:37:15：数字
2019-02-01 11:37:15：内管9.663865546218487
2019-02-01 11:37:15：内杆2.235294117647059
2019-02-01 11:37:15：E:\Pythonwork\GUIProject\images\2019-02-01_1.4x1.3_1548992235315.jpg
2019-02-01 11:38:07：外框选择
2019-02-01 11:38:08：内杆规格
2019-02-01 11:38:08：类型选择
2019-02-01 11:38:09：内管选择
2019-02-01 11:38:10：数字
2019-02-01 11:38:10：数字
2019-02-01 11:38:10：内管11.344537815126051
2019-02-01 11:38:10：内杆2.235294117647059
2019-02-01 11:38:10：E:\Pythonwork\GUIProject\images\2019-02-01_1.4x1.5_1548992290312.jpg
2019-02-01 11:39:15：外框选择
2019-02-01 11:39:15：内杆规格
2019-02-01 11:39:16：类型选择
2019-02-01 11:39:17：内管选择
2019-02-01 11:39:17：数字
2019-02-01 11:39:17：数字
2019-02-01 11:39:17：内管9.831932773109244
2019-02-01 11:39:17：内杆2.235294117647059
2019-02-01 11:39:17：E:\Pythonwork\GUIProject\images\2019-02-01_1.4x1.32_1548992357948.jpg
2019-02-01 11:41:01：外框选择
2019-02-01 11:41:02：内杆规格
2019-02-01 11:41:03：类型选择
2019-02-01 11:41:04：内管选择
2019-02-01 11:41:04：数字
2019-02-01 11:41:04：数字
2019-02-01 11:41:04：内管9.159663865546218
2019-02-01 11:41:04：内杆6.470588235294118
2019-02-01 11:41:04：E:\Pythonwork\GUIProject\images\2019-02-01_3.2x1.24_1548992464866.jpg
2019-02-01 11:41:28：类型选择
2019-02-01 11:41:28：数字
2019-02-01 11:41:28：数字
2019-02-01 11:41:28：内杆1.8588235294117648
2019-02-01 11:41:28：内管25.630252100840337
2019-02-01 11:41:29：E:\Pythonwork\GUIProject\images\2019-02-01_3.2x1.24_1548992489184.jpg
2019-02-01 11:41:40：数字
2019-02-01 11:41:40：数字
2019-02-01 11:41:40：内杆1.8588235294117648
2019-02-01 11:41:41：内管7.983193277310924
2019-02-01 11:41:41：E:\Pythonwork\GUIProject\images\2019-02-01_1.1x1.24_1548992501135.jpg
2019-02-01 11:42:12：数字
2019-02-01 11:42:12：数字
2019-02-01 11:42:12：内杆1.8588235294117648
2019-02-01 11:42:12：内管7.983193277310924
2019-02-01 11:42:12：E:\Pythonwork\GUIProject\images\2019-02-01_1.1x1.24_1548992532415.jpg
2019-02-01 11:42:25：外框选择
2019-02-01 11:42:29：数字
2019-02-01 11:42:29：数字
2019-02-01 11:42:30：内杆-0.5317647058823529
2019-02-01 11:42:30：内管9.277310924369749
2019-02-01 11:42:37：数字
2019-02-01 11:42:37：数字
2019-02-01 11:42:37：内杆3.703529411764706
2019-02-01 11:42:37：内管9.277310924369749
2019-02-01 11:42:38：E:\Pythonwork\GUIProject\images\2019-02-01_1.23x2.0_1548992558020.jpg
